// ERROR J
[B10915045_Log]H
[B10915045_Log]e
[B10915045_Log]l
[B10915045_Log]l
[B10915045_Log]error
[B10915045_Log]o
[B10915045_Log] 
[B10915045_Log]W
[B10915045_Log]error
[B10915045_Log]o
[B10915045_Log]r
[B10915045_Log]l
[B10915045_Log]d
[B10915061_Log]H
[B10915061_Log]e
[B10915061_Log]l
[B10915061_Log]l
[B10915061_Log]o
[B10915061_Log] 
[B10915061_Log]W
[B10915061_Log]o
[B10915061_Log]r
[B10915061_Log]l
[B10915061_Log]d
[B10915061_Log]error
[B10915061_Log]o
[B10915061_Log]k
[B10915061_Log]e
[B10915061_Log]r
[B10915061_Log] 
[B10915061_Log]Q
[B10915061_Log]u
[B10915061_Log]e
[B10915061_Log]e
[B10915061_Log]n
[B10915061_Log] 
[B10915061_Log] 
[B10915061_Log]K
[B10915061_Log]i
[B10915061_Log]n
[B10915061_Log]g
[B10915061_Log]error
[B10915061_Log]o
[B10915061_Log]k
[B10915061_Log]e
[B10915061_Log]r
[B10915061_Log] 
[B10915061_Log]Q
[B10915061_Log]u
[B10915061_Log]e
[B10915061_Log]e
[B10915061_Log]n
[B10915061_Log] 
[B10915061_Log]K
[B10915061_Log]i
[B10915061_Log]n
[B10915061_Log]g
